"../../../../../Ue4/Fntastic_Project/Content/Geometry/Meshes/CubeMaterial.uasset" 0
"../../../../../Ue4/Fntastic_Project/Content/Geometry/Meshes/1M_Cube_Chamfer.uasset" 1
"../../../../../Ue4/Fntastic_Project/Content/Mannequin/Character/Mesh/UE4_Mannequin_Skeleton.uasset" 2
"../../../../../Ue4/Fntastic_Project/Content/Mannequin/Animations/ThirdPersonJump_End.uasset" 3
"../../../../../Ue4/Fntastic_Project/Content/Mannequin/Character/Textures/T_UE4Logo_N.uasset" 4
"../../../../../Ue4/Fntastic_Project/Content/Mannequin/Character/Textures/T_UE4Logo_Mask.uasset" 5
"../../../../../Ue4/Fntastic_Project/Content/Mannequin/Character/Materials/MaterialLayers/ML_Plastic_Shiny_Beige_LOGO.uasset" 6
"../../../../../Ue4/Fntastic_Project/Content/Mannequin/Character/Materials/MaterialLayers/T_ML_Aluminum01.uasset" 7
"../../../../../Ue4/Fntastic_Project/Content/Mannequin/Character/Materials/MaterialLayers/T_ML_Aluminum01_N.uasset" 8
"../../../../../Ue4/Fntastic_Project/Content/Mannequin/Character/Materials/MaterialLayers/ML_SoftMetal_UE4.uasset" 9
"../../../../../Ue4/Fntastic_Project/Content/Mannequin/Character/Materials/MaterialLayers/T_ML_Rubber_Blue_01_D.uasset" 10
"../../../../../Ue4/Fntastic_Project/Content/Mannequin/Character/Materials/MaterialLayers/T_ML_Rubber_Blue_01_N.uasset" 11
"../../../../../Ue4/Fntastic_Project/Content/Mannequin/Character/Textures/T_Male_Mask.uasset" 12
"../../../../../Ue4/Fntastic_Project/Content/Mannequin/Character/Textures/T_Male_N.uasset" 13
"../../../Engine/Content/Functions/Engine_MaterialFunctions02/Utility/BlendAngleCorrectedNormals.uasset" 14
"../../../Engine/Content/Functions/MaterialLayerFunctions/MatLayerBlend_NormalBlend.uasset" 15
"../../../Engine/Content/Functions/MaterialLayerFunctions/MatLayerBlend_Simple.uasset" 16
"../../../../../Ue4/Fntastic_Project/Content/Mannequin/Character/Materials/MaterialLayers/ML_GlossyBlack_Latex_UE4.uasset" 17
"../../../../../Ue4/Fntastic_Project/Content/Mannequin/Character/Materials/MaterialLayers/ML_Plastic_Shiny_Beige.uasset" 18
"../../../../../Ue4/Fntastic_Project/Content/Mannequin/Character/Materials/M_Male_Body.uasset" 19
"../../../../../Ue4/Fntastic_Project/Content/Mannequin/Character/Materials/M_UE4Man_ChestLogo.uasset" 20
"../../../../../Ue4/Fntastic_Project/Content/Mannequin/Character/Mesh/SK_Mannequin_Female_PhysicsAsset.uasset" 21
"../../../../../Ue4/Fntastic_Project/Content/Mannequin/Character/Textures/T_Female_Mask.uasset" 22
"../../../../../Ue4/Fntastic_Project/Content/Mannequin/Character/Textures/T_Female_N.uasset" 23
"../../../../../Ue4/Fntastic_Project/Content/Mannequin/Character/Materials/MI_Female_Body.uasset" 24
"../../../../../Ue4/Fntastic_Project/Content/Mannequin/Character/Mesh/SK_Mannequin_Female.uasset" 25
"../../../../../Ue4/Fntastic_Project/Content/StarterContent/Materials/M_Basic_Wall.uasset" 26
"../../../../../Ue4/Fntastic_Project/Content/StarterContent/Architecture/Pillar_50x500.uasset" 27
"../../../../../Ue4/Fntastic_Project/Content/StarterContent/Architecture/Wall_400x300.uasset" 28
"../../../../../Ue4/Fntastic_Project/Content/StarterContent/Architecture/Wall_400x400.uasset" 29
"../../../../../Ue4/Fntastic_Project/Content/StarterContent/Architecture/Wall_500x500.uasset" 30
"../../../../../Ue4/Fntastic_Project/Content/StarterContent/Architecture/Wall_Door_400x400.uasset" 31
"../../../../../Ue4/Fntastic_Project/Content/StarterContent/Architecture/Wall_Window_400x400.uasset" 32
"../../../../../Ue4/Fntastic_Project/Content/StarterContent/Audio/Explosion01.uasset" 33
"../../../../../Ue4/Fntastic_Project/Content/StarterContent/Audio/Fire01.uasset" 34
"../../../../../Ue4/Fntastic_Project/Content/StarterContent/Audio/Fire_Sparks01.uasset" 35
"../../../../../Ue4/Fntastic_Project/Content/StarterContent/Audio/Light01.uasset" 36
"../../../../../Ue4/Fntastic_Project/Content/StarterContent/Audio/Light01_Cue.uasset" 37
"../../../../../Ue4/Fntastic_Project/Content/StarterContent/Audio/Light02.uasset" 38
"../../../../../Ue4/Fntastic_Project/Content/StarterContent/Audio/Light02_Cue.uasset" 39
"../../../../../Ue4/Fntastic_Project/Content/StarterContent/Audio/Smoke01.uasset" 40
"../../../../../Ue4/Fntastic_Project/Content/StarterContent/Audio/Starter_Birds01.uasset" 41
"../../../../../Ue4/Fntastic_Project/Content/StarterContent/Audio/Starter_Music01.uasset" 42
"../../../../../Ue4/Fntastic_Project/Content/StarterContent/Audio/Starter_Wind05.uasset" 43
"../../../../../Ue4/Fntastic_Project/Content/StarterContent/Audio/Starter_Wind06.uasset" 44
"../../../../../Ue4/Fntastic_Project/Content/StarterContent/Textures/T_Smoke_Tiled_D.uasset" 45
"../../../../../Ue4/Fntastic_Project/Content/StarterContent/Textures/T_Smoke_SubUV.uasset" 46
"../../../../../Ue4/Fntastic_Project/Content/StarterContent/Particles/Materials/M_smoke_subUV.uasset" 47
"../../../Engine/Content/Functions/Engine_MaterialFunctions01/Gradient/RadialGradient.uasset" 48
"../../../../../Ue4/Fntastic_Project/Content/StarterContent/Particles/Materials/M_radial_ramp.uasset" 49
"../../../../../Ue4/Fntastic_Project/Content/StarterContent/Particles/Materials/m_flare_01.uasset" 50
"../../../../../Ue4/Fntastic_Project/Content/StarterContent/Textures/T_Explosion_SubUV.uasset" 51
"../../../../../Ue4/Fntastic_Project/Content/StarterContent/Particles/Materials/M_explosion_subUV.uasset" 52
"../../../../../Ue4/Fntastic_Project/Content/StarterContent/Textures/T_Burst_M.uasset" 53
"../../../../../Ue4/Fntastic_Project/Content/StarterContent/Particles/Materials/M_Burst.uasset" 54
"../../../../../Ue4/Fntastic_Project/Content/StarterContent/Particles/P_Explosion.uasset" 55
"../../../../../Ue4/Fntastic_Project/Content/StarterContent/Audio/Explosion_Cue.uasset" 56
"../../../../../Ue4/Fntastic_Project/Content/StarterContent/Blueprints/Blueprint_Effect_Explosion.uasset" 57
"../../../Engine/Content/EditorMeshes/ColorCalibrator/T_ColorGrid.uasset" 58
"../../../../../Ue4/Fntastic_Project/Content/StarterContent/Materials/M_ColorGrid_LowSpec.uasset" 59
"../../../../../Ue4/Fntastic_Project/Content/StarterContent/Textures/T_Bush_N.uasset" 60
"../../../../../Ue4/Fntastic_Project/Content/StarterContent/Textures/T_Bush_D.uasset" 61
"../../../../../Ue4/Fntastic_Project/Content/StarterContent/Props/Materials/M_Bush.uasset" 62
"../../../../../Ue4/Fntastic_Project/Content/StarterContent/Props/SM_Bush.uasset" 63
"../../../../../Ue4/Fntastic_Project/Content/StarterContent/Textures/T_Chair_N.uasset" 64
"../../../../../Ue4/Fntastic_Project/Content/StarterContent/Textures/T_Chair_M.uasset" 65
"../../../../../Ue4/Fntastic_Project/Content/StarterContent/Props/Materials/M_Chair.uasset" 66
"../../../../../Ue4/Fntastic_Project/Content/StarterContent/Props/SM_Couch.uasset" 67
"../../../../../Ue4/Fntastic_Project/Content/StarterContent/Materials/M_Glass.uasset" 68
"../../../../../Ue4/Fntastic_Project/Content/StarterContent/Textures/T_Door_N.uasset" 69
"../../../../../Ue4/Fntastic_Project/Content/StarterContent/Textures/T_Door_M.uasset" 70
"../../../../../Ue4/Fntastic_Project/Content/StarterContent/Props/Materials/M_Door.uasset" 71
"../../../../../Ue4/Fntastic_Project/Content/StarterContent/Props/SM_Door.uasset" 72
"../../../../../Ue4/Fntastic_Project/Content/StarterContent/Props/Materials/M_MaterialSphere_Plain.uasset" 73
"../../../../../Ue4/Fntastic_Project/Content/StarterContent/Props/Materials/M_MaterialSphere.uasset" 74
"../../../../../Ue4/Fntastic_Project/Content/StarterContent/Props/SM_MatPreviewMesh_02.uasset" 75
"../../../../../Ue4/Fntastic_Project/Content/StarterContent/Textures/T_Rock_Basalt_D.uasset" 76
"../../../../../Ue4/Fntastic_Project/Content/StarterContent/Textures/T_Detail_Rocky_N.uasset" 77
"../../../../../Ue4/Fntastic_Project/Content/StarterContent/Textures/T_RockMesh_N.uasset" 78
"../../../../../Ue4/Fntastic_Project/Content/StarterContent/Textures/T_RockMesh_M.uasset" 79
"../../../../../Ue4/Fntastic_Project/Content/StarterContent/Props/Materials/M_Rock.uasset" 80
"../../../../../Ue4/Fntastic_Project/Content/StarterContent/Props/SM_Rock.uasset" 81
"../../../../../Ue4/Fntastic_Project/Content/StarterContent/Textures/T_Shelf_N.uasset" 82
"../../../../../Ue4/Fntastic_Project/Content/StarterContent/Textures/T_Shelf_M.uasset" 83
"../../../../../Ue4/Fntastic_Project/Content/StarterContent/Props/Materials/M_Shelf.uasset" 84
"../../../../../Ue4/Fntastic_Project/Content/StarterContent/Props/SM_Shelf.uasset" 85
"../../../../../Ue4/Fntastic_Project/Content/StarterContent/Materials/M_Basic_Floor.uasset" 86
"../../../../../Ue4/Fntastic_Project/Content/StarterContent/Props/SM_Stairs.uasset" 87
"../../../../../Ue4/Fntastic_Project/Content/StarterContent/Shapes/Shape_Cone.uasset" 88
"../../../../../Ue4/Fntastic_Project/Content/StarterContent/Shapes/Shape_Cylinder.uasset" 89
"../../../../../Ue4/Fntastic_Project/Content/StarterContent/Shapes/Shape_NarrowCapsule.uasset" 90
"../../../../../Ue4/Fntastic_Project/Content/StarterContent/Shapes/Shape_Pipe.uasset" 91
"../../../../../Ue4/Fntastic_Project/Content/StarterContent/Shapes/Shape_Pipe_180.uasset" 92
"../../../../../Ue4/Fntastic_Project/Content/StarterContent/Shapes/Shape_Pipe_90.uasset" 93
"../../../../../Ue4/Fntastic_Project/Content/StarterContent/Shapes/Shape_Plane.uasset" 94
"../../../../../Ue4/Fntastic_Project/Content/StarterContent/Shapes/Shape_Torus.uasset" 95
"../../../../../Ue4/Fntastic_Project/Content/StarterContent/Shapes/Shape_Trim.uasset" 96
"../../../../../Ue4/Fntastic_Project/Content/StarterContent/Shapes/Shape_Trim_90_In.uasset" 97
"../../../../../Ue4/Fntastic_Project/Content/StarterContent/Shapes/Shape_Trim_90_Out.uasset" 98
"../../../../../Ue4/Fntastic_Project/Content/StarterContent/Shapes/Shape_TriPyramid.uasset" 99
"../../../../../Ue4/Fntastic_Project/Content/StarterContent/Shapes/Shape_Tube.uasset" 100
"../../../../../Ue4/Fntastic_Project/Content/StarterContent/Shapes/Shape_Wedge_A.uasset" 101
"../../../../../Ue4/Fntastic_Project/Content/StarterContent/Shapes/Shape_Wedge_B.uasset" 102
"../../../../../Ue4/Fntastic_Project/Content/StarterContent/Shapes/Shape_WideCapsule.uasset" 103
"../../../../../Ue4/Fntastic_Project/Content/ThirdPerson/Meshes/RampMaterial.uasset" 104
"../../../../../Ue4/Fntastic_Project/Content/ThirdPerson/Meshes/Bump_StaticMesh.uasset" 105
"../../../../../Ue4/Fntastic_Project/Content/ThirdPerson/Meshes/LeftArm_StaticMesh.uasset" 106
"../../../../../Ue4/Fntastic_Project/Content/ThirdPerson/Meshes/Linear_Stair_StaticMesh.uasset" 107
"../../../../../Ue4/Fntastic_Project/Content/ThirdPerson/Meshes/Ramp_StaticMesh.uasset" 108
"../../../../../Ue4/Fntastic_Project/Content/ThirdPerson/Meshes/RightArm_StaticMesh.uasset" 109
"../../../../../Ue4/Fntastic_Project/Content/ThirdPersonBP/ThirdPersonOverview.uasset" 110
"../../../../../Ue4/Fntastic_Project/Content/StarterContent/Particles/Materials/M_Radial_Gradient.uasset" 111
"../../../../../Ue4/Fntastic_Project/Content/StarterContent/Textures/T_Water_N.uasset" 112
"../../../../../Ue4/Fntastic_Project/Content/StarterContent/Particles/Materials/M_Heat_Distortion.uasset" 113
"../../../../../Ue4/Fntastic_Project/Content/StarterContent/Textures/T_Fire_Tiled_D.uasset" 114
"../../../../../Ue4/Fntastic_Project/Content/StarterContent/Textures/T_Fire_SubUV.uasset" 115
"../../../../../Ue4/Fntastic_Project/Content/StarterContent/Particles/Materials/M_Fire_SubUV.uasset" 116
"../../../../../Ue4/Fntastic_Project/Content/StarterContent/Particles/P_Fire.uasset" 117
"../../../../../Ue4/Fntastic_Project/Content/AI/BT/BB_Variables.uasset" 118
"../../../../../Ue4/Fntastic_Project/Content/Mannequin/Character/Mesh/SK_Mannequin_PhysicsAsset.uasset" 119
"../../../../../Ue4/Fntastic_Project/Content/Mannequin/Character/Mesh/SK_Mannequin.uasset" 120
"../../../Engine/Content/EditorBlueprintResources/StandardMacros.uasset" 121
"../../../../../Ue4/Fntastic_Project/Content/Mannequin/Animations/ThirdPersonJump_Loop.uasset" 122
"../../../../../Ue4/Fntastic_Project/Content/Mannequin/Animations/ThirdPersonJump_Start.uasset" 123
"../../../../../Ue4/Fntastic_Project/Content/Mannequin/Animations/ThirdPerson_Jump.uasset" 124
"../../../../../Ue4/Fntastic_Project/Content/Mannequin/Animations/ThirdPersonIdle.uasset" 125
"../../../../../Ue4/Fntastic_Project/Content/Mannequin/Animations/ThirdPersonRun.uasset" 126
"../../../../../Ue4/Fntastic_Project/Content/Mannequin/Animations/ThirdPersonWalk.uasset" 127
"../../../../../Ue4/Fntastic_Project/Content/Mannequin/Animations/ThirdPerson_IdleRun_2D.uasset" 128
"../../../../../Ue4/Fntastic_Project/Content/Mannequin/Animations/ThirdPerson_AnimBP.uasset" 129
"../../../../../Ue4/Fntastic_Project/Content/StarterContent/Audio/Collapse01.uasset" 130
"../../../../../Ue4/Fntastic_Project/Content/StarterContent/Audio/Collapse02.uasset" 131
"../../../../../Ue4/Fntastic_Project/Content/StarterContent/Audio/Collapse_Cue.uasset" 132
"../../../../../Ue4/Fntastic_Project/Content/StarterContent/Audio/Explosion02.uasset" 133
"../../../../../Ue4/Fntastic_Project/Content/StarterContent/Audio/Steam01.uasset" 134
"../../../../../Ue4/Fntastic_Project/Content/AI/BP_AI_Main.uasset" 135
"../../../../../Ue4/Fntastic_Project/Content/AI/BT/BTT_Movement_1.uasset" 136
"../../../../../Ue4/Fntastic_Project/Content/AI/BT/BTT_Movement_Stop.uasset" 137
"../../../../../Ue4/Fntastic_Project/Content/AI/BT/BT_AI_1.uasset" 138
"../../../../../Ue4/Fntastic_Project/Content/AI/BP_AI_Controller_Main.uasset" 139
"../../../../../Ue4/Fntastic_Project/Content/AI/BP_AI_Controller_Child_1.uasset" 140
"../../../../../Ue4/Fntastic_Project/Content/AI/BP_AI_Main_Child_1.uasset" 141
"../../../../../Ue4/Fntastic_Project/Content/AI/BT/BTT_Movement_2.uasset" 142
"../../../../../Ue4/Fntastic_Project/Content/AI/BT/BT_AI_2.uasset" 143
"../../../../../Ue4/Fntastic_Project/Content/AI/BP_AI_Controller_Child_2.uasset" 144
"../../../../../Ue4/Fntastic_Project/Content/AI/BP_AI_Main_Child_2.uasset" 145
"../../../../../Ue4/Fntastic_Project/Content/AI/BT/BTT_Movement_Forvard.uasset" 146
"../../../../../Ue4/Fntastic_Project/Content/AI/BT/BTT_Movement_Back.uasset" 147
"../../../../../Ue4/Fntastic_Project/Content/AI/BT/BT_AI_3.uasset" 148
"../../../../../Ue4/Fntastic_Project/Content/AI/BP_AI_Controller_Child_3.uasset" 149
"../../../../../Ue4/Fntastic_Project/Content/AI/BP_AI_Main_Child_3.uasset" 150
"../../../../../Ue4/Fntastic_Project/Content/ThirdPersonBP/Blueprints/ThirdPersonCharacter.uasset" 151
"../../../../../Ue4/Fntastic_Project/Content/ThirdPersonBP/Blueprints/ThirdPersonGameMode.uasset" 152
"../../../Engine/Content/Animation/DefaultAnimBoneCompressionSettings.uasset" 153
"../../../Engine/Content/Animation/DefaultAnimCurveCompressionSettings.uasset" 154
"../../../Engine/Content/EngineMaterials/T_Default_Material_Grid_N.uasset" 155
"../../../Engine/Content/EngineMaterials/T_Default_Material_Grid_M.uasset" 156
"../../../Engine/Content/Functions/Engine_MaterialFunctions01/Opacity/CameraDepthFade.uasset" 157
"../../../Engine/Content/EngineMaterials/WorldGridMaterial.uasset" 158
"../../../Engine/Content/ArtTools/RenderToTexture/Meshes/S_1_Unit_Plane.uasset" 159
"../../../Engine/Content/EngineMaterials/DefaultMaterial.uasset" 160
"../../../Engine/Content/BasicShapes/Cone.uasset" 161
"../../../Engine/Content/BasicShapes/Cube.uasset" 162
"../../../Engine/Content/BasicShapes/Plane.uasset" 163
"../../../Engine/Content/BasicShapes/Sphere.uasset" 164
"../../../Engine/Content/EditorLandscapeResources/DataLayer.uasset" 165
"../../../Engine/Content/EditorLandscapeResources/DefaultAlphaTexture.uasset" 166
"../../../Engine/Content/EditorMaterials/MAT_Groups_Toggle.uasset" 167
"../../../Engine/Content/EditorMaterials/MAT_Groups_Visibility.uasset" 168
"../../../Engine/Content/EditorMaterials/PreviewShadowIndicator.uasset" 169
"../../../Engine/Content/EditorMaterials/PreviewShadowIndicatorMaterial.uasset" 170
"../../../Engine/Content/EditorMaterials/MatineeGroups/MAT_ColorTrack.uasset" 171
"../../../Engine/Content/EditorMaterials/MatineeGroups/MAT_Groups_Anim.uasset" 172
"../../../Engine/Content/EditorMaterials/MatineeGroups/MAT_Groups_AudioMaster.uasset" 173
"../../../Engine/Content/EditorMaterials/MatineeGroups/MAT_Groups_Director.uasset" 174
"../../../Engine/Content/EditorMaterials/MatineeGroups/MAT_Groups_Event.uasset" 175
"../../../Engine/Content/EditorMaterials/MatineeGroups/MAT_Groups_Fade.uasset" 176
"../../../Engine/Content/EditorMaterials/MatineeGroups/MAT_Groups_Float.uasset" 177
"../../../Engine/Content/EditorMaterials/MatineeGroups/MAT_Groups_Move.uasset" 178
"../../../Engine/Content/EditorMaterials/MatineeGroups/MAT_Groups_Slomo.uasset" 179
"../../../Engine/Content/EditorMaterials/MatineeGroups/MAT_Groups_Sound.uasset" 180
"../../../Engine/Content/EditorMaterials/MatineeGroups/MAT_Groups_Vector.uasset" 181
"../../../Engine/Content/EditorMaterials/ParticleSystems/PSysThumbnail_NoImage.uasset" 182
"../../../Engine/Content/EditorMaterials/ParticleSystems/PSysThumbnail_OOD.uasset" 183
"../../../Engine/Content/EditorMaterials/Camera/CineMat.uasset" 184
"../../../Engine/Content/EditorMaterials/Camera/MI_CineMat_Rig.uasset" 185
"../../../Engine/Content/EditorMeshes/Camera/SM_CraneRig_Arm.uasset" 186
"../../../Engine/Content/EditorMeshes/Camera/SM_CraneRig_Base.uasset" 187
"../../../Engine/Content/EditorMeshes/Camera/SM_CraneRig_Body.uasset" 188
"../../../Engine/Content/EditorMeshes/Camera/SM_CraneRig_Mount.uasset" 189
"../../../Engine/Content/EditorMeshes/Camera/SM_RailRig_Mount.uasset" 190
"../../../Engine/Content/EditorMeshes/Camera/SM_RailRig_Track.uasset" 191
"../../../Engine/Content/EditorResources/BSPVertex.uasset" 192
"../../../Engine/Content/EditorResources/EmptyActor.uasset" 193
"../../../Engine/Content/EditorResources/S_Actor.uasset" 194
"../../../Engine/Content/EditorResources/S_Note.uasset" 195
"../../../Engine/Content/EditorResources/S_Solver.uasset" 196
"../../../Engine/Content/EditorResources/S_Terrain.uasset" 197
"../../../Engine/Content/EditorResources/S_Trigger.uasset" 198
"../../../Engine/Content/EditorResources/AudioIcons/S_AudioComponent.uasset" 199
"../../../Engine/Content/EditorResources/AudioIcons/S_AudioComponent_AutoActivate.uasset" 200
"../../../Engine/Content/EditorResources/LightIcons/S_LightError.uasset" 201
"../../../Engine/Content/EditorResources/SequenceRecorder/Countdown.uasset" 202
"../../../Engine/Content/EditorResources/SequenceRecorder/RecordingIndicator.uasset" 203
"../../../Engine/Content/EngineDamageTypes/DmgTypeBP_Environmental.uasset" 204
"../../../Engine/Content/EngineDebugMaterials/DebugEditorMaterial.uasset" 205
"../../../Engine/Content/EngineDebugMaterials/DebugMeshMaterial.uasset" 206
"../../../Engine/Content/EngineDebugMaterials/M_SimpleUnlitTranslucent.uasset" 207
"../../../Engine/Content/EngineDebugMaterials/VolumeToRender.uasset" 208
"../../../Engine/Content/Functions/Engine_MaterialFunctions02/Utility/CameraDirectionVector.uasset" 209
"../../../Engine/Content/EngineDebugMaterials/M_VolumeRenderSphereTracePP.uasset" 210
"../../../Engine/Content/Functions/Engine_MaterialFunctions01/Shading/ConvertFromDiffSpec.uasset" 211
"../../../Engine/Content/EngineDebugMaterials/VertexColorMaterial.uasset" 212
"../../../Engine/Content/EngineDebugMaterials/WireframeMaterial.uasset" 213
"../../../Engine/Content/EngineFonts/Faces/RobotoRegular.uasset" 214
"../../../Engine/Content/EngineFonts/Faces/RobotoLight.uasset" 215
"../../../Engine/Content/EngineFonts/Faces/RobotoItalic.uasset" 216
"../../../Engine/Content/EngineFonts/Faces/RobotoBoldItalic.uasset" 217
"../../../Engine/Content/EngineFonts/Faces/RobotoBold.uasset" 218
"../../../Engine/Content/EngineFonts/Faces/DroidSansFallback.uasset" 219
"../../../Engine/Content/EngineFonts/Roboto.uasset" 220
"../../../Engine/Content/EngineMaterials/BaseFlattenNormalMap.uasset" 221
"../../../Engine/Content/EngineMaterials/BaseFlattenGrayscaleMap.uasset" 222
"../../../Engine/Content/EngineMaterials/BaseFlattenEmissiveMap.uasset" 223
"../../../Engine/Content/EngineMaterials/BaseFlattenDiffuseMap.uasset" 224
"../../../Engine/Content/EngineMaterials/BaseFlattenMaterial.uasset" 225
"../../../Engine/Content/EngineMaterials/BlueNoise.uasset" 226
"../../../Engine/Content/EngineMaterials/DefaultBloomKernel.uasset" 227
"../../../Engine/Content/EngineMaterials/DefaultBokeh.uasset" 228
"../../../Engine/Content/EngineMaterials/DefaultDiffuse.uasset" 229
"../../../Engine/Content/EngineMaterials/DefaultDeferredDecalMaterial.uasset" 230
"../../../Engine/Content/EngineMaterials/DefaultLightFunctionMaterial.uasset" 231
"../../../Engine/Content/EngineMaterials/DefaultPhysicalMaterial.uasset" 232
"../../../Engine/Content/Functions/Engine_MaterialFunctions02/Utility/BreakOutFloat2Components.uasset" 233
"../../../Engine/Content/EngineMaterials/DefaultPostProcessMaterial.uasset" 234
"../../../Engine/Content/EngineFonts/RobotoDistanceField.uasset" 235
"../../../Engine/Content/EngineMaterials/DefaultTextMaterialOpaque.uasset" 236
"../../../Engine/Content/EngineMaterials/DefaultWhiteGrid.uasset" 237
"../../../Engine/Content/EngineMaterials/DefaultWhiteGrid_Low.uasset" 238
"../../../Engine/Content/EngineMaterials/EmissiveMeshMaterial.uasset" 239
"../../../Engine/Content/EngineMaterials/GizmoMaterial.uasset" 240
"../../../Engine/Content/EngineMaterials/Good64x64TilingNoiseHighFreq.uasset" 241
"../../../Engine/Content/EngineMaterials/MiniFont.uasset" 242
"../../../Engine/Content/EngineMaterials/InvalidLightmapSettings.uasset" 243
"../../../Engine/Content/EngineMaterials/M_InvalidLightmapSettings.uasset" 244
"../../../Engine/Content/Functions/Engine_MaterialFunctions02/WorldPositionOffset/CameraOffset.uasset" 245
"../../../Engine/Content/EngineMaterials/PhAT_JointLimitMaterial.uasset" 246
"../../../Engine/Content/EngineMaterials/PreintegratedSkinBRDF.uasset" 247
"../../../Engine/Content/EngineMaterials/RemoveSurfaceMaterial.uasset" 248
"../../../Engine/Content/EngineMaterials/WeightMapPlaceholderTexture.uasset" 249
"../../../Engine/Content/EngineResources/WhiteSquareTexture.uasset" 250
"../../../Engine/Content/EngineMaterials/Widget3DPassThrough.uasset" 251
"../../../Engine/Content/EngineMaterials/Widget3DPassThrough_Masked.uasset" 252
"../../../Engine/Content/EngineMaterials/Widget3DPassThrough_Opaque.uasset" 253
"../../../Engine/Content/EngineMaterials/Widget3DPassThrough_Masked_OneSided.uasset" 254
"../../../Engine/Content/EngineMaterials/Widget3DPassThrough_Opaque_OneSided.uasset" 255
"../../../Engine/Content/EngineMaterials/Widget3DPassThrough_Translucent.uasset" 256
"../../../Engine/Content/EngineMaterials/Widget3DPassThrough_Translucent_OneSided.uasset" 257
"../../../Engine/Content/EngineMeshes/Cylinder.uasset" 258
"../../../Engine/Content/EngineMeshes/Sphere.uasset" 259
"../../../Engine/Content/EngineResources/Black.uasset" 260
"../../../Engine/Content/EngineResources/DefaultTextureCube.uasset" 261
"../../../Engine/Content/EngineResources/DefaultVolumeTexture2D.uasset" 262
"../../../Engine/Content/EngineResources/DefaultVolumeTexture.uasset" 263
"../../../Engine/Content/EngineResources/GradientTexture0.uasset" 264
"../../../Engine/Content/EngineSky/VolumetricClouds/T_NoiseShape64.uasset" 265
"../../../Engine/Content/EngineSky/VolumetricClouds/T_VolumeNoiseShape64.uasset" 266
"../../../Engine/Content/EngineSky/VolumetricClouds/T_NoiseErosion.uasset" 267
"../../../Engine/Content/EngineSky/VolumetricClouds/T_VolumeNoiseErosion32.uasset" 268
"../../../Engine/Content/EngineSky/VolumetricClouds/CloudWeatherTexture.uasset" 269
"../../../Engine/Content/EngineSky/VolumetricClouds/CloudGradientTexture.uasset" 270
"../../../Engine/Content/Functions/Engine_MaterialFunctions02/Utility/MakeFloat2.uasset" 271
"../../../Engine/Content/EngineSky/VolumetricClouds/m_SimpleVolumetricCloud.uasset" 272
"../../../Engine/Content/EngineSky/VolumetricClouds/m_SimpleVolumetricCloud_Inst.uasset" 273
"../../../Engine/Content/EngineSounds/Master.uasset" 274
"../../../Engine/Content/Functions/Engine_MaterialFunctions01/Shading/PowerToRoughness.uasset" 275
"../../../Engine/Content/Maps/Templates/Thumbnails/Default.uasset" 276
"../../../Engine/Content/Maps/Templates/Thumbnails/TimeOfDay.uasset" 277
"../../../Engine/Content/Maps/Templates/Thumbnails/VR-Basic.uasset" 278
"../../../Engine/Content/MobileResources/T_MobileControls_texture.uasset" 279
"../../../Engine/Content/MobileResources/T_MobileMenu2.uasset" 280
"../../../Engine/Content/MobileResources/HUD/AnalogHat.uasset" 281
"../../../Engine/Content/MobileResources/HUD/VirtualJoystick_Thumb.uasset" 282
"../../../Engine/Content/MobileResources/HUD/VirtualJoystick_Background.uasset" 283
"../../../Engine/Content/MobileResources/HUD/DefaultVirtualJoysticks.uasset" 284
"../../../Engine/Content/MobileResources/HUD/LeftVirtualJoystickOnly.uasset" 285
"../../../Engine/Content/MobileResources/HUD/MobileHUDButton1_off.uasset" 286
"../../../Engine/Content/MobileResources/HUD/MobileHUDButton1_on.uasset" 287
"../../../Engine/Content/MobileResources/HUD/MobileHUDButton2_off.uasset" 288
"../../../Engine/Content/MobileResources/HUD/MobileHUDButton2_on.uasset" 289
"../../../Engine/Content/MobileResources/HUD/MobileHUDButton3.uasset" 290
"../../../Engine/Content/MobileResources/HUD/MobileHUDButtonFire.uasset" 291
"../../../Engine/Content/MobileResources/HUD/MobileHUDDirectionPad.uasset" 292
"../../../Engine/Content/MobileResources/HUD/MobileHUDDirectionPad2.uasset" 293
"../../../Engine/Content/MobileResources/HUD/MobileHUDDirectionPad3.uasset" 294
"../../../Engine/Content/MobileResources/HUD/MobileHUDDirectionStick.uasset" 295
"../../../Engine/Content/MobileResources/HUD/T_Castle_ThumbstickInner.uasset" 296
"../../../Engine/Content/MobileResources/HUD/T_Castle_ThumbstickOutter.uasset" 297
"../../../Engine/Content/Tutorial/ContentIntroCurve.uasset" 298
"../../../Engine/Content/Tutorial/Basics/LevelEditorAttract.uasset" 299
"../../../Engine/Content/VREditor/TransformGizmo/TranslucentTransformGizmoMaterial.uasset" 300
"../../../Engine/Content/VREditor/LaserPointer/VR_LaserPower_01.uasset" 301
"../../../Engine/Content/VREditor/TransformGizmo/TransformGizmoMaterial.uasset" 302
"../../../Engine/Content/VREditor/TransformGizmo/BoundingBoxCorner.uasset" 303
"../../../Engine/Content/VREditor/TransformGizmo/BoundingBoxEdge.uasset" 304
"../../../Engine/Content/VREditor/TransformGizmo/PlaneTranslationHandle.uasset" 305
"../../../Engine/Content/VREditor/TransformGizmo/Xray.uasset" 306
"../../../Engine/Content/VREditor/TransformGizmo/Main.uasset" 307
"../../../Engine/Content/VREditor/TransformGizmo/SM_Sequencer_Key.uasset" 308
"../../../Engine/Content/VREditor/TransformGizmo/SM_Sequencer_Node.uasset" 309
"../../Plugins/2D/Paper2D/Content/PlaceholderTextures/DummySpriteTexture.uasset" 310
"../../Plugins/2D/Paper2D/Content/DummySprite.uasset" 311
"../../Plugins/2D/Paper2D/Content/DefaultPaperTerrainMaterial.uasset" 312
"../../Plugins/2D/Paper2D/Content/DefaultSpriteMaterial.uasset" 313
"../../Plugins/2D/Paper2D/Content/MaskedUnlitSpriteMaterial.uasset" 314
"../../Plugins/2D/Paper2D/Content/OpaqueUnlitSpriteMaterial.uasset" 315
"../../../Engine/Content/Functions/Engine_MaterialFunctions02/Utility/BreakOutFloat3Components.uasset" 316
"../../Plugins/Editor/SpeedTreeImporter/Content/SpeedTree9/UnpackInteger3.uasset" 317
"../../Plugins/Editor/SpeedTreeImporter/Content/SpeedTree9/UnpackDirection.uasset" 318
"../../Plugins/Editor/SpeedTreeImporter/Content/SpeedTree9/game_wind_noise.uasset" 319
"../../../Engine/Content/Functions/Engine_MaterialFunctions02/SafeNormalize.uasset" 320
"../../Plugins/Editor/SpeedTreeImporter/Content/SpeedTree9/SpeedTreeWindMotion.uasset" 321
"../../Plugins/Editor/SpeedTreeImporter/Content/SpeedTree9/SpeedTreeBranchMotion.uasset" 322
"../../../Engine/Content/Functions/Engine_MaterialFunctions02/ObjectLocalBounds.uasset" 323
"../../../Engine/Content/Functions/Engine_MaterialFunctions02/UVs/BoundingBoxBased_0-1_UVW.uasset" 324
"../../Plugins/Editor/SpeedTreeImporter/Content/SpeedTree9/SpeedTreeWind.uasset" 325
"../../Plugins/Editor/SpeedTreeImporter/Content/SpeedTree9/SpeedTreeBillboard.uasset" 326
"../../../Engine/Content/EngineResources/DefaultTexture.uasset" 327
"../../Plugins/Editor/SpeedTreeImporter/Content/SpeedTree9/SpeedTreeBillboardMaster.uasset" 328
"../../Plugins/Editor/SpeedTreeImporter/Content/SpeedTree9/SpeedTreeCameraFacing.uasset" 329
"../../Plugins/Editor/SpeedTreeImporter/Content/SpeedTree9/SpeedTreeMaster.uasset" 330
"../../../Engine/Content/BasicShapes/Cylinder.uasset" 331
"../../../Engine/Content/ArtTools/RenderToTexture/Materials/Debug/M_Emissive_Color.uasset" 332
"../../Plugins/Lumin/MagicLeapPassableWorld/Content/MagicLeapARPinInfoActor.uasset" 333
"../../../Engine/Content/Functions/Engine_MaterialFunctions02/Utility/BreakOutFloat4Components.uasset" 334
"../../../Engine/Content/Functions/Engine_MaterialFunctions02/Utility/MakeFloat3.uasset" 335
"../../Plugins/Runtime/Oculus/OculusVR/Content/Materials/OculusMR_ChromaKey.uasset" 336
"../../Plugins/Runtime/Oculus/OculusVR/Content/Materials/OculusMR_OpaqueColoredMaterial.uasset" 337
"../../Plugins/Runtime/Oculus/OculusVR/Content/Materials/PokeAHoleMaterial.uasset" 338
"../../../Engine/Content/EditorMeshes/ColorCalibrator/M_GreyBall.uasset" 339
"../../../Engine/Content/EditorMeshes/ColorCalibrator/Color_checker.uasset" 340
"../../../Engine/Content/EditorMeshes/ColorCalibrator/M_ColorGrid.uasset" 341
"../../../Engine/Content/EditorMeshes/ColorCalibrator/M_ClearCoatBlack.uasset" 342
"../../../Engine/Content/EditorMeshes/ColorCalibrator/M_ClearCoat.uasset" 343
"../../../Engine/Content/EditorMeshes/ColorCalibrator/M_ChromeBall.uasset" 344
"../../../Engine/Content/EditorMeshes/ColorCalibrator/SM_ColorCalibrator.uasset" 345
"../../../../../Ue4/Fntastic_Project/Content/StarterContent/Maps/Advanced_Lighting_BuiltData.uasset" 346
"../../../../../Ue4/Fntastic_Project/Content/StarterContent/HDRI/HDRI_Epic_Courtyard_Daylight.uasset" 347
"../../../Engine/Content/MapTemplates/Sky/DaylightAmbientCubemap.uasset" 348
"../../../../../Ue4/Fntastic_Project/Content/StarterContent/Blueprints/Assets/M_LightStage_Skybox_Master.uasset" 349
"../../../../../Ue4/Fntastic_Project/Content/StarterContent/Blueprints/Assets/M_LightStage_Skybox_HDRI.uasset" 350
"../../../../../Ue4/Fntastic_Project/Content/StarterContent/Materials/M_AssetPlatform.uasset" 351
"../../../../../Ue4/Fntastic_Project/Content/StarterContent/Architecture/SM_AssetPlatform.uasset" 352
"../../../../../Ue4/Fntastic_Project/Content/StarterContent/Blueprints/Assets/M_LightStage_Arrows.uasset" 353
"../../../../../Ue4/Fntastic_Project/Content/StarterContent/Blueprints/Assets/SM_Arrows.uasset" 354
"../../../Engine/Content/EditorMaterials/Thumbnails/SkySphereMaterial.uasset" 355
"../../../../../Ue4/Fntastic_Project/Content/StarterContent/Blueprints/Assets/Skybox.uasset" 356
"../../../../../Ue4/Fntastic_Project/Content/StarterContent/Blueprints/Assets/M_LightStage_Skybox_Black.uasset" 357
"../../../../../Ue4/Fntastic_Project/Content/StarterContent/Blueprints/Assets/FogBrightnessLUT.uasset" 358
"../../../../../Ue4/Fntastic_Project/Content/StarterContent/Blueprints/Assets/SunlightColorLUT.uasset" 359
"../../../../../Ue4/Fntastic_Project/Content/StarterContent/Blueprints/BP_LightStudio.uasset" 360
"../../../../../Ue4/Fntastic_Project/Content/StarterContent/Maps/Advanced_Lighting.umap" 361
"../../../../../Ue4/Fntastic_Project/Content/StarterContent/Textures/T_TableRound_N.uasset" 362
"../../../../../Ue4/Fntastic_Project/Content/StarterContent/Textures/T_TableRound_M.uasset" 363
"../../../../../Ue4/Fntastic_Project/Content/StarterContent/Props/Materials/M_TableRound.uasset" 364
"../../../../../Ue4/Fntastic_Project/Content/StarterContent/Props/SM_TableRound.uasset" 365
"../../../../../Ue4/Fntastic_Project/Content/StarterContent/Textures/T_Statue_N.uasset" 366
"../../../../../Ue4/Fntastic_Project/Content/StarterContent/Textures/T_Statue_M.uasset" 367
"../../../../../Ue4/Fntastic_Project/Content/StarterContent/Props/Materials/M_Statue.uasset" 368
"../../../../../Ue4/Fntastic_Project/Content/StarterContent/Props/Materials/M_StatueGlass.uasset" 369
"../../../../../Ue4/Fntastic_Project/Content/StarterContent/Props/SM_Statue.uasset" 370
"../../../../../Ue4/Fntastic_Project/Content/StarterContent/Props/SM_Chair.uasset" 371
"../../../../../Ue4/Fntastic_Project/Content/StarterContent/Textures/T_Metal_Copper_D.uasset" 372
"../../../../../Ue4/Fntastic_Project/Content/StarterContent/Textures/T_Metal_Gold_N.uasset" 373
"../../../../../Ue4/Fntastic_Project/Content/StarterContent/Textures/T_MacroVariation.uasset" 374
"../../../../../Ue4/Fntastic_Project/Content/StarterContent/Materials/M_Metal_Copper.uasset" 375
"../../../../../Ue4/Fntastic_Project/Content/StarterContent/Textures/T_Metal_Aluminum_D.uasset" 376
"../../../../../Ue4/Fntastic_Project/Content/StarterContent/Materials/M_Metal_Burnished_Steel.uasset" 377
"../../../../../Ue4/Fntastic_Project/Content/StarterContent/Materials/M_Metal_Brushed_Nickel.uasset" 378
"../../../Engine/Content/EngineSky/T_Sky_Stars.uasset" 379
"../../../Engine/Content/EngineSky/T_Sky_Clouds_M.uasset" 380
"../../../Engine/Content/EngineSky/T_Sky_Blue.uasset" 381
"../../../Engine/Content/EngineSky/M_Sky_Panning_Clouds2.uasset" 382
"../../../../../Ue4/Fntastic_Project/Content/StarterContent/Maps/Minimal_Default_BuiltData.uasset" 383
"../../../Engine/Content/EngineSky/SM_SkySphere.uasset" 384
"../../../Engine/Content/EngineSky/C_Sky_Zenith_Color.uasset" 385
"../../../Engine/Content/EngineSky/C_Sky_Horizon_Color.uasset" 386
"../../../Engine/Content/EngineSky/C_Sky_Cloud_Color.uasset" 387
"../../../Engine/Content/EngineSky/BP_Sky_Sphere.uasset" 388
"../../../../../Ue4/Fntastic_Project/Content/StarterContent/Architecture/Floor_400x400.uasset" 389
"../../../../../Ue4/Fntastic_Project/Content/StarterContent/Audio/Starter_Background_Cue.uasset" 390
"../../../../../Ue4/Fntastic_Project/Content/StarterContent/Maps/Minimal_Default.umap" 391
"../../../../../Ue4/Fntastic_Project/Content/StarterContent/Shapes/Shape_Sphere.uasset" 392
"../../../../../Ue4/Fntastic_Project/Content/StarterContent/Shapes/Shape_QuadPyramid.uasset" 393
"../../../../../Ue4/Fntastic_Project/Content/StarterContent/Shapes/Shape_Cube.uasset" 394
"../../../../../Ue4/Fntastic_Project/Content/StarterContent/Textures/T_Frame_N.uasset" 395
"../../../../../Ue4/Fntastic_Project/Content/StarterContent/Textures/T_Frame_M.uasset" 396
"../../../../../Ue4/Fntastic_Project/Content/StarterContent/Props/Materials/M_Frame.uasset" 397
"../../../../../Ue4/Fntastic_Project/Content/StarterContent/Props/SM_WindowFrame.uasset" 398
"../../../../../Ue4/Fntastic_Project/Content/StarterContent/Props/SM_PillarFrame300.uasset" 399
"../../../../../Ue4/Fntastic_Project/Content/StarterContent/Props/SM_PillarFrame.uasset" 400
"../../../../../Ue4/Fntastic_Project/Content/StarterContent/Props/SM_GlassWindow.uasset" 401
"../../../../../Ue4/Fntastic_Project/Content/StarterContent/Props/SM_DoorFrame.uasset" 402
"../../../../../Ue4/Fntastic_Project/Content/StarterContent/Props/SM_CornerFrame.uasset" 403
"../../../../../Ue4/Fntastic_Project/Content/StarterContent/Props/MaterialSphere.uasset" 404
"../../../../../Ue4/Fntastic_Project/Content/StarterContent/Textures/T_Dust_Particle_D.uasset" 405
"../../../../../Ue4/Fntastic_Project/Content/StarterContent/Particles/Materials/M_Dust_Particle.uasset" 406
"../../../../../Ue4/Fntastic_Project/Content/StarterContent/Particles/P_Ambient_Dust.uasset" 407
"../../../../../Ue4/Fntastic_Project/Content/StarterContent/Textures/T_Wood_Walnut_N.uasset" 408
"../../../../../Ue4/Fntastic_Project/Content/StarterContent/Textures/T_Wood_Walnut_D.uasset" 409
"../../../../../Ue4/Fntastic_Project/Content/StarterContent/Materials/M_Wood_Walnut.uasset" 410
"../../../../../Ue4/Fntastic_Project/Content/StarterContent/Textures/T_Wood_Pine_N.uasset" 411
"../../../../../Ue4/Fntastic_Project/Content/StarterContent/Textures/T_Wood_Pine_D.uasset" 412
"../../../../../Ue4/Fntastic_Project/Content/StarterContent/Textures/T_Perlin_Noise_M.uasset" 413
"../../../../../Ue4/Fntastic_Project/Content/StarterContent/Materials/M_Wood_Pine.uasset" 414
"../../../../../Ue4/Fntastic_Project/Content/StarterContent/Textures/T_Wood_Oak_N.uasset" 415
"../../../../../Ue4/Fntastic_Project/Content/StarterContent/Textures/T_Wood_Oak_D.uasset" 416
"../../../../../Ue4/Fntastic_Project/Content/StarterContent/Materials/M_Wood_Oak.uasset" 417
"../../../Engine/Content/Functions/Engine_MaterialFunctions01/Opacity/AlphaOffset.uasset" 418
"../../../../../Ue4/Fntastic_Project/Content/StarterContent/Textures/T_Wood_Floor_Walnut_N.uasset" 419
"../../../../../Ue4/Fntastic_Project/Content/StarterContent/Textures/T_Wood_Floor_Walnut_M.uasset" 420
"../../../../../Ue4/Fntastic_Project/Content/StarterContent/Textures/T_Wood_Floor_Walnut_D.uasset" 421
"../../../../../Ue4/Fntastic_Project/Content/StarterContent/Materials/M_Wood_Floor_Walnut_Worn.uasset" 422
"../../../../../Ue4/Fntastic_Project/Content/StarterContent/Materials/M_Wood_Floor_Walnut_Polished.uasset" 423
"../../../../../Ue4/Fntastic_Project/Content/StarterContent/Textures/T_Water_M.uasset" 424
"../../../../../Ue4/Fntastic_Project/Content/StarterContent/Materials/M_Water_Ocean.uasset" 425
"../../../../../Ue4/Fntastic_Project/Content/StarterContent/Materials/M_Water_Lake.uasset" 426
"../../../../../Ue4/Fntastic_Project/Content/StarterContent/Textures/T_Tech_Panel_N.uasset" 427
"../../../../../Ue4/Fntastic_Project/Content/StarterContent/Textures/T_Tech_Panel_M.uasset" 428
"../../../../../Ue4/Fntastic_Project/Content/StarterContent/Textures/T_Metal_Steel_D.uasset" 429
"../../../../../Ue4/Fntastic_Project/Content/StarterContent/Materials/M_Tech_Panel.uasset" 430
"../../../../../Ue4/Fntastic_Project/Content/StarterContent/Textures/T_Tech_Hex_Tile_N.uasset" 431
"../../../../../Ue4/Fntastic_Project/Content/StarterContent/Textures/T_Tech_Hex_Tile_M.uasset" 432
"../../../../../Ue4/Fntastic_Project/Content/StarterContent/Materials/M_Tech_Hex_Tile_Pulse.uasset" 433
"../../../../../Ue4/Fntastic_Project/Content/StarterContent/Materials/M_Tech_Hex_Tile.uasset" 434
"../../../../../Ue4/Fntastic_Project/Content/StarterContent/Textures/T_Tech_Dot_N.uasset" 435
"../../../../../Ue4/Fntastic_Project/Content/StarterContent/Textures/T_Tech_Dot_M.uasset" 436
"../../../../../Ue4/Fntastic_Project/Content/StarterContent/Textures/T_Single_Tile_N.uasset" 437
"../../../../../Ue4/Fntastic_Project/Content/StarterContent/Textures/T_Checker_Noise_M.uasset" 438
"../../../../../Ue4/Fntastic_Project/Content/StarterContent/Materials/M_Tech_Checker_Dot.uasset" 439
"../../../../../Ue4/Fntastic_Project/Content/StarterContent/Textures/T_Rock_Slate_N.uasset" 440
"../../../../../Ue4/Fntastic_Project/Content/StarterContent/Textures/T_Rock_Slate_D.uasset" 441
"../../../../../Ue4/Fntastic_Project/Content/StarterContent/Materials/M_Rock_Slate.uasset" 442
"../../../../../Ue4/Fntastic_Project/Content/StarterContent/Textures/T_Rock_Sandstone_N.uasset" 443
"../../../../../Ue4/Fntastic_Project/Content/StarterContent/Textures/T_Rock_Sandstone_D.uasset" 444
"../../../../../Ue4/Fntastic_Project/Content/StarterContent/Materials/M_Rock_Sandstone.uasset" 445
"../../../../../Ue4/Fntastic_Project/Content/StarterContent/Textures/T_Rock_Marble_Polished_D.uasset" 446
"../../../../../Ue4/Fntastic_Project/Content/StarterContent/Materials/M_Rock_Marble_Polished.uasset" 447
"../../../../../Ue4/Fntastic_Project/Content/StarterContent/Textures/T_Rock_Basalt_N.uasset" 448
"../../../../../Ue4/Fntastic_Project/Content/StarterContent/Materials/M_Rock_Basalt.uasset" 449
"../../../../../Ue4/Fntastic_Project/Content/StarterContent/Textures/T_Metal_Steel_N.uasset" 450
"../../../../../Ue4/Fntastic_Project/Content/StarterContent/Materials/M_Metal_Steel.uasset" 451
"../../../../../Ue4/Fntastic_Project/Content/StarterContent/Textures/T_Metal_Rust_D.uasset" 452
"../../../../../Ue4/Fntastic_Project/Content/StarterContent/Textures/T_Metal_Rust_N.uasset" 453
"../../../../../Ue4/Fntastic_Project/Content/StarterContent/Materials/M_Metal_Rust.uasset" 454
"../../../../../Ue4/Fntastic_Project/Content/StarterContent/Textures/T_Metal_Gold_D.uasset" 455
"../../../../../Ue4/Fntastic_Project/Content/StarterContent/Materials/M_Metal_Gold.uasset" 456
"../../../../../Ue4/Fntastic_Project/Content/StarterContent/Materials/M_Metal_Chrome.uasset" 457
"../../../../../Ue4/Fntastic_Project/Content/StarterContent/Textures/T_Ground_Moss_N.uasset" 458
"../../../../../Ue4/Fntastic_Project/Content/StarterContent/Textures/T_ground_Moss_D.uasset" 459
"../../../../../Ue4/Fntastic_Project/Content/StarterContent/Materials/M_Ground_Moss.uasset" 460
"../../../../../Ue4/Fntastic_Project/Content/StarterContent/Textures/T_Ground_Gravel_N.uasset" 461
"../../../../../Ue4/Fntastic_Project/Content/StarterContent/Textures/T_Ground_Gravel_D.uasset" 462
"../../../../../Ue4/Fntastic_Project/Content/StarterContent/Materials/M_Ground_Gravel.uasset" 463
"../../../../../Ue4/Fntastic_Project/Content/StarterContent/Textures/T_Ground_Grass_N.uasset" 464
"../../../../../Ue4/Fntastic_Project/Content/StarterContent/Textures/T_Ground_Grass_D.uasset" 465
"../../../../../Ue4/Fntastic_Project/Content/StarterContent/Materials/M_Ground_Grass.uasset" 466
"../../../../../Ue4/Fntastic_Project/Content/StarterContent/Textures/T_Concrete_Tiles_Variation_M.uasset" 467
"../../../../../Ue4/Fntastic_Project/Content/StarterContent/Textures/T_Concrete_Tiles_N.uasset" 468
"../../../../../Ue4/Fntastic_Project/Content/StarterContent/Textures/T_Concrete_Tiles_M.uasset" 469
"../../../../../Ue4/Fntastic_Project/Content/StarterContent/Textures/T_Concrete_Tiles_D.uasset" 470
"../../../../../Ue4/Fntastic_Project/Content/StarterContent/Materials/M_Concrete_Tiles.uasset" 471
"../../../../../Ue4/Fntastic_Project/Content/StarterContent/Textures/T_Concrete_Panels_N.uasset" 472
"../../../../../Ue4/Fntastic_Project/Content/StarterContent/Textures/T_Concrete_Panels_D.uasset" 473
"../../../../../Ue4/Fntastic_Project/Content/StarterContent/Materials/M_Concrete_Panels.uasset" 474
"../../../../../Ue4/Fntastic_Project/Content/StarterContent/Textures/T_Concrete_Grime_D.uasset" 475
"../../../../../Ue4/Fntastic_Project/Content/StarterContent/Materials/M_Concrete_Grime.uasset" 476
"../../../../../Ue4/Fntastic_Project/Content/StarterContent/Textures/T_CobbleStone_Smooth_N.uasset" 477
"../../../../../Ue4/Fntastic_Project/Content/StarterContent/Textures/T_CobbleStone_Smooth_M.uasset" 478
"../../../../../Ue4/Fntastic_Project/Content/StarterContent/Textures/T_CobbleStone_Smooth_D.uasset" 479
"../../../../../Ue4/Fntastic_Project/Content/StarterContent/Textures/T_Rock_Smooth_Granite_D.uasset" 480
"../../../../../Ue4/Fntastic_Project/Content/StarterContent/Textures/T_Gradinet_01.uasset" 481
"../../../../../Ue4/Fntastic_Project/Content/StarterContent/Materials/M_CobbleStone_Smooth.uasset" 482
"../../../../../Ue4/Fntastic_Project/Content/StarterContent/Textures/T_CobbleStone_Rough_N.uasset" 483
"../../../../../Ue4/Fntastic_Project/Content/StarterContent/Textures/T_CobbleStone_Rough_D.uasset" 484
"../../../../../Ue4/Fntastic_Project/Content/StarterContent/Materials/M_CobbleStone_Rough.uasset" 485
"../../../../../Ue4/Fntastic_Project/Content/StarterContent/Textures/T_CobbleStone_Pebble_N.uasset" 486
"../../../../../Ue4/Fntastic_Project/Content/StarterContent/Textures/T_CobbleStone_Pebble_M.uasset" 487
"../../../../../Ue4/Fntastic_Project/Content/StarterContent/Textures/T_CobbleStone_Pebble_D.uasset" 488
"../../../../../Ue4/Fntastic_Project/Content/StarterContent/Materials/M_CobbleStone_Pebble.uasset" 489
"../../../../../Ue4/Fntastic_Project/Content/StarterContent/Textures/T_Ceramic_Tile_N.uasset" 490
"../../../../../Ue4/Fntastic_Project/Content/StarterContent/Textures/T_Ceramic_Tile_M.uasset" 491
"../../../../../Ue4/Fntastic_Project/Content/StarterContent/Materials/M_Ceramic_Tile_Checker.uasset" 492
"../../../../../Ue4/Fntastic_Project/Content/StarterContent/Textures/T_Brick_Hewn_Stone_N.uasset" 493
"../../../../../Ue4/Fntastic_Project/Content/StarterContent/Textures/T_Brick_Hewn_Stone_M.uasset" 494
"../../../../../Ue4/Fntastic_Project/Content/StarterContent/Textures/T_Brick_Hewn_Stone_D.uasset" 495
"../../../../../Ue4/Fntastic_Project/Content/StarterContent/Materials/M_Brick_Hewn_Stone.uasset" 496
"../../../../../Ue4/Fntastic_Project/Content/StarterContent/Textures/T_Brick_Cut_Stone_N.uasset" 497
"../../../../../Ue4/Fntastic_Project/Content/StarterContent/Textures/T_Brick_Cut_Stone_D.uasset" 498
"../../../../../Ue4/Fntastic_Project/Content/StarterContent/Materials/M_Brick_Cut_Stone.uasset" 499
"../../../../../Ue4/Fntastic_Project/Content/StarterContent/Textures/T_Brick_Clay_Old_N.uasset" 500
"../../../../../Ue4/Fntastic_Project/Content/StarterContent/Textures/T_Brick_Clay_Old_D.uasset" 501
"../../../../../Ue4/Fntastic_Project/Content/StarterContent/Materials/M_Brick_Clay_Old.uasset" 502
"../../../../../Ue4/Fntastic_Project/Content/StarterContent/Textures/T_Brick_Clay_New_N.uasset" 503
"../../../../../Ue4/Fntastic_Project/Content/StarterContent/Textures/T_Brick_Clay_New_M.uasset" 504
"../../../../../Ue4/Fntastic_Project/Content/StarterContent/Textures/T_Brick_Clay_New_D.uasset" 505
"../../../../../Ue4/Fntastic_Project/Content/StarterContent/Materials/M_Brick_Clay_New.uasset" 506
"../../../../../Ue4/Fntastic_Project/Content/StarterContent/Textures/T_Brick_Clay_Beveled_N.uasset" 507
"../../../../../Ue4/Fntastic_Project/Content/StarterContent/Textures/T_Brick_Clay_Beveled_M.uasset" 508
"../../../../../Ue4/Fntastic_Project/Content/StarterContent/Textures/T_Brick_Clay_Beveled_D.uasset" 509
"../../../../../Ue4/Fntastic_Project/Content/StarterContent/Materials/M_Brick_Clay_Beveled.uasset" 510
"../../../Engine/Content/Functions/Engine_MaterialFunctions03/Procedurals/ComputeFilterWidth.uasset" 511
"../../../Engine/Content/EngineMaterials/AntiAliasedTextMaterialTranslucent.uasset" 512
"../../../../../Ue4/Fntastic_Project/Content/StarterContent/Maps/StarterMap_BuiltData.uasset" 513
"../../../../../Ue4/Fntastic_Project/Content/StarterContent/Textures/T_Concrete_Poured_N.uasset" 514
"../../../../../Ue4/Fntastic_Project/Content/StarterContent/Textures/T_Concrete_Poured_D.uasset" 515
"../../../../../Ue4/Fntastic_Project/Content/StarterContent/Materials/M_Concrete_Poured.uasset" 516
"../../../../../Ue4/Fntastic_Project/Content/StarterContent/Architecture/Wall_400x200.uasset" 517
"../../../../../Ue4/Fntastic_Project/Content/StarterContent/Architecture/Wall_Door_400x300.uasset" 518
"../../../../../Ue4/Fntastic_Project/Content/StarterContent/Architecture/Wall_Window_400x300.uasset" 519
"../../../../../Ue4/Fntastic_Project/Content/StarterContent/Audio/Starter_Music_Cue.uasset" 520
"../../../../../Ue4/Fntastic_Project/Content/StarterContent/Textures/T_Lamp_N.uasset" 521
"../../../../../Ue4/Fntastic_Project/Content/StarterContent/Textures/T_Lamp_M.uasset" 522
"../../../../../Ue4/Fntastic_Project/Content/StarterContent/Props/Materials/M_Lamp.uasset" 523
"../../../../../Ue4/Fntastic_Project/Content/StarterContent/Props/SM_Lamp_Ceiling.uasset" 524
"../../../../../Ue4/Fntastic_Project/Content/StarterContent/Blueprints/Blueprint_CeilingLight.uasset" 525
"../../../../../Ue4/Fntastic_Project/Content/StarterContent/Audio/Fire01_Cue.uasset" 526
"../../../../../Ue4/Fntastic_Project/Content/StarterContent/Blueprints/Blueprint_Effect_Fire.uasset" 527
"../../../../../Ue4/Fntastic_Project/Content/StarterContent/Audio/Smoke01_Cue.uasset" 528
"../../../../../Ue4/Fntastic_Project/Content/StarterContent/Particles/P_Smoke.uasset" 529
"../../../../../Ue4/Fntastic_Project/Content/StarterContent/Blueprints/Blueprint_Effect_Smoke.uasset" 530
"../../../../../Ue4/Fntastic_Project/Content/StarterContent/Audio/Fire_Sparks01_Cue.uasset" 531
"../../../../../Ue4/Fntastic_Project/Content/StarterContent/Textures/T_Spark_Core.uasset" 532
"../../../../../Ue4/Fntastic_Project/Content/StarterContent/Particles/Materials/M_Spark.uasset" 533
"../../../../../Ue4/Fntastic_Project/Content/StarterContent/Particles/P_Sparks.uasset" 534
"../../../../../Ue4/Fntastic_Project/Content/StarterContent/Blueprints/Blueprint_Effect_Sparks.uasset" 535
"../../../../../Ue4/Fntastic_Project/Content/StarterContent/Particles/P_Steam_Lit.uasset" 536
"../../../../../Ue4/Fntastic_Project/Content/StarterContent/Audio/Steam01_Cue.uasset" 537
"../../../../../Ue4/Fntastic_Project/Content/StarterContent/Blueprints/Blueprint_Effect_Steam.uasset" 538
"../../../../../Ue4/Fntastic_Project/Content/StarterContent/Props/SM_Lamp_Wall.uasset" 539
"../../../../../Ue4/Fntastic_Project/Content/StarterContent/Blueprints/Blueprint_WallSconce.uasset" 540
"../../../../../Ue4/Fntastic_Project/Content/StarterContent/Maps/StarterMap.umap" 541
"../../../../../Ue4/Fntastic_Project/Content/ThirdPersonBP/Maps/ThirdPersonExampleMap_BuiltData.uasset" 542
"../../../../../Ue4/Fntastic_Project/Content/Geometry/Meshes/1M_Cube.uasset" 543
"../../../../../Ue4/Fntastic_Project/Content/Geometry/Meshes/TemplateFloor.uasset" 544
"../../../../../Ue4/Fntastic_Project/Content/ThirdPersonBP/Maps/ThirdPersonExampleMap.umap" 545
"../../../Engine/Content/Maps/Entry_BuiltData.uasset" 546
"../../../Engine/Content/Maps/Entry.umap" 547
